<?xml version="1.0" encoding="UTF-8"?>
<testsuite xmlns:xsi="http://www.w3.org/2001/XMLSchema-instance" xsi:noNamespaceSchemaLocation="https://maven.apache.org/surefire/maven-surefire-plugin/xsd/surefire-test-report.xsd" name="com.github.woonsan.oak.app.simple.SimpleOakAppApplicationTests" time="2.271" tests="1" errors="0" skipped="0" failures="0">
  <properties>
    <property name="awt.toolkit" value="sun.awt.X11.XToolkit"/>
    <property name="file.encoding.pkg" value="sun.io"/>
    <property name="java.specification.version" value="1.8"/>
    <property name="sun.cpu.isalist" value=""/>
    <property name="sun.jnu.encoding" value="UTF-8"/>
    <property name="java.class.path" value="/home/afierro/wks/test/cms/JackRabbitTest/target/test-classes:/home/afierro/wks/test/cms/JackRabbitTest/target/classes:/home/afierro/.m2/repository/org/springframework/boot/spring-boot-starter/2.0.4.RELEASE/spring-boot-starter-2.0.4.RELEASE.jar:/home/afierro/.m2/repository/org/springframework/boot/spring-boot/2.0.4.RELEASE/spring-boot-2.0.4.RELEASE.jar:/home/afierro/.m2/repository/org/springframework/spring-context/5.0.8.RELEASE/spring-context-5.0.8.RELEASE.jar:/home/afierro/.m2/repository/org/springframework/boot/spring-boot-autoconfigure/2.0.4.RELEASE/spring-boot-autoconfigure-2.0.4.RELEASE.jar:/home/afierro/.m2/repository/org/springframework/boot/spring-boot-starter-logging/2.0.4.RELEASE/spring-boot-starter-logging-2.0.4.RELEASE.jar:/home/afierro/.m2/repository/ch/qos/logback/logback-classic/1.2.3/logback-classic-1.2.3.jar:/home/afierro/.m2/repository/ch/qos/logback/logback-core/1.2.3/logback-core-1.2.3.jar:/home/afierro/.m2/repository/org/apache/logging/log4j/log4j-to-slf4j/2.10.0/log4j-to-slf4j-2.10.0.jar:/home/afierro/.m2/repository/org/apache/logging/log4j/log4j-api/2.10.0/log4j-api-2.10.0.jar:/home/afierro/.m2/repository/org/slf4j/jul-to-slf4j/1.7.25/jul-to-slf4j-1.7.25.jar:/home/afierro/.m2/repository/javax/annotation/javax.annotation-api/1.3.2/javax.annotation-api-1.3.2.jar:/home/afierro/.m2/repository/org/springframework/spring-core/5.0.8.RELEASE/spring-core-5.0.8.RELEASE.jar:/home/afierro/.m2/repository/org/springframework/spring-jcl/5.0.8.RELEASE/spring-jcl-5.0.8.RELEASE.jar:/home/afierro/.m2/repository/org/yaml/snakeyaml/1.19/snakeyaml-1.19.jar:/home/afierro/.m2/repository/org/springframework/boot/spring-boot-starter-web/2.0.4.RELEASE/spring-boot-starter-web-2.0.4.RELEASE.jar:/home/afierro/.m2/repository/org/springframework/boot/spring-boot-starter-json/2.0.4.RELEASE/spring-boot-starter-json-2.0.4.RELEASE.jar:/home/afierro/.m2/repository/com/fasterxml/jackson/core/jackson-databind/2.9.6/jackson-databind-2.9.6.jar:/home/afierro/.m2/repository/com/fasterxml/jackson/core/jackson-annotations/2.9.0/jackson-annotations-2.9.0.jar:/home/afierro/.m2/repository/com/fasterxml/jackson/core/jackson-core/2.9.6/jackson-core-2.9.6.jar:/home/afierro/.m2/repository/com/fasterxml/jackson/datatype/jackson-datatype-jdk8/2.9.6/jackson-datatype-jdk8-2.9.6.jar:/home/afierro/.m2/repository/com/fasterxml/jackson/datatype/jackson-datatype-jsr310/2.9.6/jackson-datatype-jsr310-2.9.6.jar:/home/afierro/.m2/repository/com/fasterxml/jackson/module/jackson-module-parameter-names/2.9.6/jackson-module-parameter-names-2.9.6.jar:/home/afierro/.m2/repository/org/springframework/boot/spring-boot-starter-tomcat/2.0.4.RELEASE/spring-boot-starter-tomcat-2.0.4.RELEASE.jar:/home/afierro/.m2/repository/org/apache/tomcat/embed/tomcat-embed-core/8.5.32/tomcat-embed-core-8.5.32.jar:/home/afierro/.m2/repository/org/apache/tomcat/embed/tomcat-embed-el/8.5.32/tomcat-embed-el-8.5.32.jar:/home/afierro/.m2/repository/org/apache/tomcat/embed/tomcat-embed-websocket/8.5.32/tomcat-embed-websocket-8.5.32.jar:/home/afierro/.m2/repository/org/hibernate/validator/hibernate-validator/6.0.11.Final/hibernate-validator-6.0.11.Final.jar:/home/afierro/.m2/repository/javax/validation/validation-api/2.0.1.Final/validation-api-2.0.1.Final.jar:/home/afierro/.m2/repository/org/jboss/logging/jboss-logging/3.3.2.Final/jboss-logging-3.3.2.Final.jar:/home/afierro/.m2/repository/com/fasterxml/classmate/1.3.4/classmate-1.3.4.jar:/home/afierro/.m2/repository/org/springframework/spring-web/5.0.8.RELEASE/spring-web-5.0.8.RELEASE.jar:/home/afierro/.m2/repository/org/springframework/spring-beans/5.0.8.RELEASE/spring-beans-5.0.8.RELEASE.jar:/home/afierro/.m2/repository/org/springframework/spring-webmvc/5.0.8.RELEASE/spring-webmvc-5.0.8.RELEASE.jar:/home/afierro/.m2/repository/org/springframework/spring-aop/5.0.8.RELEASE/spring-aop-5.0.8.RELEASE.jar:/home/afierro/.m2/repository/org/springframework/spring-expression/5.0.8.RELEASE/spring-expression-5.0.8.RELEASE.jar:/home/afierro/.m2/repository/javax/jcr/jcr/2.0/jcr-2.0.jar:/home/afierro/.m2/repository/org/apache/jackrabbit/jackrabbit-api/2.17.5/jackrabbit-api-2.17.5.jar:/home/afierro/.m2/repository/org/jetbrains/annotations/16.0.2/annotations-16.0.2.jar:/home/afierro/.m2/repository/org/apache/jackrabbit/jackrabbit-jcr-server/2.17.5/jackrabbit-jcr-server-2.17.5.jar:/home/afierro/.m2/repository/org/apache/jackrabbit/jackrabbit-spi-commons/2.17.5/jackrabbit-spi-commons-2.17.5.jar:/home/afierro/.m2/repository/org/apache/jackrabbit/jackrabbit-spi/2.17.5/jackrabbit-spi-2.17.5.jar:/home/afierro/.m2/repository/commons-collections/commons-collections/3.2.2/commons-collections-3.2.2.jar:/home/afierro/.m2/repository/org/apache/jackrabbit/jackrabbit-jcr-commons/2.17.5/jackrabbit-jcr-commons-2.17.5.jar:/home/afierro/.m2/repository/org/apache/jackrabbit/jackrabbit-webdav/2.17.5/jackrabbit-webdav-2.17.5.jar:/home/afierro/.m2/repository/org/apache/httpcomponents/httpclient/4.5.6/httpclient-4.5.6.jar:/home/afierro/.m2/repository/org/apache/httpcomponents/httpcore/4.4.10/httpcore-4.4.10.jar:/home/afierro/.m2/repository/commons-codec/commons-codec/1.11/commons-codec-1.11.jar:/home/afierro/.m2/repository/org/slf4j/jcl-over-slf4j/1.7.25/jcl-over-slf4j-1.7.25.jar:/home/afierro/.m2/repository/org/apache/tika/tika-core/1.18/tika-core-1.18.jar:/home/afierro/.m2/repository/org/slf4j/slf4j-api/1.7.25/slf4j-api-1.7.25.jar:/home/afierro/.m2/repository/commons-fileupload/commons-fileupload/1.3.3/commons-fileupload-1.3.3.jar:/home/afierro/.m2/repository/commons-io/commons-io/2.2/commons-io-2.2.jar:/home/afierro/.m2/repository/org/apache/jackrabbit/oak-jcr/1.9.8/oak-jcr-1.9.8.jar:/home/afierro/.m2/repository/org/apache/jackrabbit/oak-api/1.9.8/oak-api-1.9.8.jar:/home/afierro/.m2/repository/org/apache/jackrabbit/oak-core-spi/1.9.8/oak-core-spi-1.9.8.jar:/home/afierro/.m2/repository/org/apache/jackrabbit/oak-store-spi/1.9.8/oak-store-spi-1.9.8.jar:/home/afierro/.m2/repository/org/apache/jackrabbit/oak-query-spi/1.9.8/oak-query-spi-1.9.8.jar:/home/afierro/.m2/repository/org/apache/jackrabbit/oak-security-spi/1.9.8/oak-security-spi-1.9.8.jar:/home/afierro/.m2/repository/org/osgi/org.osgi.service.component.annotations/1.3.0/org.osgi.service.component.annotations-1.3.0.jar:/home/afierro/.m2/repository/org/osgi/org.osgi.service.metatype.annotations/1.3.0/org.osgi.service.metatype.annotations-1.3.0.jar:/home/afierro/.m2/repository/org/apache/jackrabbit/oak-core/1.9.8/oak-core-1.9.8.jar:/home/afierro/.m2/repository/org/apache/jackrabbit/oak-blob-plugins/1.9.8/oak-blob-plugins-1.9.8.jar:/home/afierro/.m2/repository/org/apache/jackrabbit/jackrabbit-data/2.17.5/jackrabbit-data-2.17.5.jar:/home/afierro/.m2/repository/org/apache/jackrabbit/oak-blob/1.9.8/oak-blob-1.9.8.jar:/home/afierro/.m2/repository/org/apache/jackrabbit/oak-commons/1.9.8/oak-commons-1.9.8.jar:/home/afierro/.m2/repository/com/google/guava/guava/15.0/guava-15.0.jar:/home/afierro/.m2/repository/org/springframework/boot/spring-boot-starter-test/2.0.4.RELEASE/spring-boot-starter-test-2.0.4.RELEASE.jar:/home/afierro/.m2/repository/org/springframework/boot/spring-boot-test/2.0.4.RELEASE/spring-boot-test-2.0.4.RELEASE.jar:/home/afierro/.m2/repository/org/springframework/boot/spring-boot-test-autoconfigure/2.0.4.RELEASE/spring-boot-test-autoconfigure-2.0.4.RELEASE.jar:/home/afierro/.m2/repository/com/jayway/jsonpath/json-path/2.4.0/json-path-2.4.0.jar:/home/afierro/.m2/repository/net/minidev/json-smart/2.3/json-smart-2.3.jar:/home/afierro/.m2/repository/net/minidev/accessors-smart/1.2/accessors-smart-1.2.jar:/home/afierro/.m2/repository/org/ow2/asm/asm/5.0.4/asm-5.0.4.jar:/home/afierro/.m2/repository/junit/junit/4.12/junit-4.12.jar:/home/afierro/.m2/repository/org/assertj/assertj-core/3.9.1/assertj-core-3.9.1.jar:/home/afierro/.m2/repository/org/mockito/mockito-core/2.15.0/mockito-core-2.15.0.jar:/home/afierro/.m2/repository/net/bytebuddy/byte-buddy/1.7.11/byte-buddy-1.7.11.jar:/home/afierro/.m2/repository/net/bytebuddy/byte-buddy-agent/1.7.11/byte-buddy-agent-1.7.11.jar:/home/afierro/.m2/repository/org/objenesis/objenesis/2.6/objenesis-2.6.jar:/home/afierro/.m2/repository/org/hamcrest/hamcrest-core/1.3/hamcrest-core-1.3.jar:/home/afierro/.m2/repository/org/hamcrest/hamcrest-library/1.3/hamcrest-library-1.3.jar:/home/afierro/.m2/repository/org/skyscreamer/jsonassert/1.5.0/jsonassert-1.5.0.jar:/home/afierro/.m2/repository/com/vaadin/external/google/android-json/0.0.20131108.vaadin1/android-json-0.0.20131108.vaadin1.jar:/home/afierro/.m2/repository/org/springframework/spring-test/5.0.8.RELEASE/spring-test-5.0.8.RELEASE.jar:/home/afierro/.m2/repository/org/xmlunit/xmlunit-core/2.5.1/xmlunit-core-2.5.1.jar:"/>
    <property name="java.vm.vendor" value="Oracle Corporation"/>
    <property name="sun.arch.data.model" value="64"/>
    <property name="java.vendor.url" value="http://java.oracle.com/"/>
    <property name="user.timezone" value=""/>
    <property name="java.vm.specification.version" value="1.8"/>
    <property name="os.name" value="Linux"/>
    <property name="user.country" value="US"/>
    <property name="sun.java.launcher" value="SUN_STANDARD"/>
    <property name="sun.boot.library.path" value="/usr/lib/jvm/java-8-openjdk/jre/lib/amd64"/>
    <property name="sun.java.command" value="/home/afierro/wks/test/cms/JackRabbitTest/target/surefire/surefirebooter4451294272079367862.jar /home/afierro/wks/test/cms/JackRabbitTest/target/surefire 2019-03-07T18-43-55_580-jvmRun1 surefire1662441981264622936tmp surefire_07263140904584936283tmp"/>
    <property name="surefire.test.class.path" value="/home/afierro/wks/test/cms/JackRabbitTest/target/test-classes:/home/afierro/wks/test/cms/JackRabbitTest/target/classes:/home/afierro/.m2/repository/org/springframework/boot/spring-boot-starter/2.0.4.RELEASE/spring-boot-starter-2.0.4.RELEASE.jar:/home/afierro/.m2/repository/org/springframework/boot/spring-boot/2.0.4.RELEASE/spring-boot-2.0.4.RELEASE.jar:/home/afierro/.m2/repository/org/springframework/spring-context/5.0.8.RELEASE/spring-context-5.0.8.RELEASE.jar:/home/afierro/.m2/repository/org/springframework/boot/spring-boot-autoconfigure/2.0.4.RELEASE/spring-boot-autoconfigure-2.0.4.RELEASE.jar:/home/afierro/.m2/repository/org/springframework/boot/spring-boot-starter-logging/2.0.4.RELEASE/spring-boot-starter-logging-2.0.4.RELEASE.jar:/home/afierro/.m2/repository/ch/qos/logback/logback-classic/1.2.3/logback-classic-1.2.3.jar:/home/afierro/.m2/repository/ch/qos/logback/logback-core/1.2.3/logback-core-1.2.3.jar:/home/afierro/.m2/repository/org/apache/logging/log4j/log4j-to-slf4j/2.10.0/log4j-to-slf4j-2.10.0.jar:/home/afierro/.m2/repository/org/apache/logging/log4j/log4j-api/2.10.0/log4j-api-2.10.0.jar:/home/afierro/.m2/repository/org/slf4j/jul-to-slf4j/1.7.25/jul-to-slf4j-1.7.25.jar:/home/afierro/.m2/repository/javax/annotation/javax.annotation-api/1.3.2/javax.annotation-api-1.3.2.jar:/home/afierro/.m2/repository/org/springframework/spring-core/5.0.8.RELEASE/spring-core-5.0.8.RELEASE.jar:/home/afierro/.m2/repository/org/springframework/spring-jcl/5.0.8.RELEASE/spring-jcl-5.0.8.RELEASE.jar:/home/afierro/.m2/repository/org/yaml/snakeyaml/1.19/snakeyaml-1.19.jar:/home/afierro/.m2/repository/org/springframework/boot/spring-boot-starter-web/2.0.4.RELEASE/spring-boot-starter-web-2.0.4.RELEASE.jar:/home/afierro/.m2/repository/org/springframework/boot/spring-boot-starter-json/2.0.4.RELEASE/spring-boot-starter-json-2.0.4.RELEASE.jar:/home/afierro/.m2/repository/com/fasterxml/jackson/core/jackson-databind/2.9.6/jackson-databind-2.9.6.jar:/home/afierro/.m2/repository/com/fasterxml/jackson/core/jackson-annotations/2.9.0/jackson-annotations-2.9.0.jar:/home/afierro/.m2/repository/com/fasterxml/jackson/core/jackson-core/2.9.6/jackson-core-2.9.6.jar:/home/afierro/.m2/repository/com/fasterxml/jackson/datatype/jackson-datatype-jdk8/2.9.6/jackson-datatype-jdk8-2.9.6.jar:/home/afierro/.m2/repository/com/fasterxml/jackson/datatype/jackson-datatype-jsr310/2.9.6/jackson-datatype-jsr310-2.9.6.jar:/home/afierro/.m2/repository/com/fasterxml/jackson/module/jackson-module-parameter-names/2.9.6/jackson-module-parameter-names-2.9.6.jar:/home/afierro/.m2/repository/org/springframework/boot/spring-boot-starter-tomcat/2.0.4.RELEASE/spring-boot-starter-tomcat-2.0.4.RELEASE.jar:/home/afierro/.m2/repository/org/apache/tomcat/embed/tomcat-embed-core/8.5.32/tomcat-embed-core-8.5.32.jar:/home/afierro/.m2/repository/org/apache/tomcat/embed/tomcat-embed-el/8.5.32/tomcat-embed-el-8.5.32.jar:/home/afierro/.m2/repository/org/apache/tomcat/embed/tomcat-embed-websocket/8.5.32/tomcat-embed-websocket-8.5.32.jar:/home/afierro/.m2/repository/org/hibernate/validator/hibernate-validator/6.0.11.Final/hibernate-validator-6.0.11.Final.jar:/home/afierro/.m2/repository/javax/validation/validation-api/2.0.1.Final/validation-api-2.0.1.Final.jar:/home/afierro/.m2/repository/org/jboss/logging/jboss-logging/3.3.2.Final/jboss-logging-3.3.2.Final.jar:/home/afierro/.m2/repository/com/fasterxml/classmate/1.3.4/classmate-1.3.4.jar:/home/afierro/.m2/repository/org/springframework/spring-web/5.0.8.RELEASE/spring-web-5.0.8.RELEASE.jar:/home/afierro/.m2/repository/org/springframework/spring-beans/5.0.8.RELEASE/spring-beans-5.0.8.RELEASE.jar:/home/afierro/.m2/repository/org/springframework/spring-webmvc/5.0.8.RELEASE/spring-webmvc-5.0.8.RELEASE.jar:/home/afierro/.m2/repository/org/springframework/spring-aop/5.0.8.RELEASE/spring-aop-5.0.8.RELEASE.jar:/home/afierro/.m2/repository/org/springframework/spring-expression/5.0.8.RELEASE/spring-expression-5.0.8.RELEASE.jar:/home/afierro/.m2/repository/javax/jcr/jcr/2.0/jcr-2.0.jar:/home/afierro/.m2/repository/org/apache/jackrabbit/jackrabbit-api/2.17.5/jackrabbit-api-2.17.5.jar:/home/afierro/.m2/repository/org/jetbrains/annotations/16.0.2/annotations-16.0.2.jar:/home/afierro/.m2/repository/org/apache/jackrabbit/jackrabbit-jcr-server/2.17.5/jackrabbit-jcr-server-2.17.5.jar:/home/afierro/.m2/repository/org/apache/jackrabbit/jackrabbit-spi-commons/2.17.5/jackrabbit-spi-commons-2.17.5.jar:/home/afierro/.m2/repository/org/apache/jackrabbit/jackrabbit-spi/2.17.5/jackrabbit-spi-2.17.5.jar:/home/afierro/.m2/repository/commons-collections/commons-collections/3.2.2/commons-collections-3.2.2.jar:/home/afierro/.m2/repository/org/apache/jackrabbit/jackrabbit-jcr-commons/2.17.5/jackrabbit-jcr-commons-2.17.5.jar:/home/afierro/.m2/repository/org/apache/jackrabbit/jackrabbit-webdav/2.17.5/jackrabbit-webdav-2.17.5.jar:/home/afierro/.m2/repository/org/apache/httpcomponents/httpclient/4.5.6/httpclient-4.5.6.jar:/home/afierro/.m2/repository/org/apache/httpcomponents/httpcore/4.4.10/httpcore-4.4.10.jar:/home/afierro/.m2/repository/commons-codec/commons-codec/1.11/commons-codec-1.11.jar:/home/afierro/.m2/repository/org/slf4j/jcl-over-slf4j/1.7.25/jcl-over-slf4j-1.7.25.jar:/home/afierro/.m2/repository/org/apache/tika/tika-core/1.18/tika-core-1.18.jar:/home/afierro/.m2/repository/org/slf4j/slf4j-api/1.7.25/slf4j-api-1.7.25.jar:/home/afierro/.m2/repository/commons-fileupload/commons-fileupload/1.3.3/commons-fileupload-1.3.3.jar:/home/afierro/.m2/repository/commons-io/commons-io/2.2/commons-io-2.2.jar:/home/afierro/.m2/repository/org/apache/jackrabbit/oak-jcr/1.9.8/oak-jcr-1.9.8.jar:/home/afierro/.m2/repository/org/apache/jackrabbit/oak-api/1.9.8/oak-api-1.9.8.jar:/home/afierro/.m2/repository/org/apache/jackrabbit/oak-core-spi/1.9.8/oak-core-spi-1.9.8.jar:/home/afierro/.m2/repository/org/apache/jackrabbit/oak-store-spi/1.9.8/oak-store-spi-1.9.8.jar:/home/afierro/.m2/repository/org/apache/jackrabbit/oak-query-spi/1.9.8/oak-query-spi-1.9.8.jar:/home/afierro/.m2/repository/org/apache/jackrabbit/oak-security-spi/1.9.8/oak-security-spi-1.9.8.jar:/home/afierro/.m2/repository/org/osgi/org.osgi.service.component.annotations/1.3.0/org.osgi.service.component.annotations-1.3.0.jar:/home/afierro/.m2/repository/org/osgi/org.osgi.service.metatype.annotations/1.3.0/org.osgi.service.metatype.annotations-1.3.0.jar:/home/afierro/.m2/repository/org/apache/jackrabbit/oak-core/1.9.8/oak-core-1.9.8.jar:/home/afierro/.m2/repository/org/apache/jackrabbit/oak-blob-plugins/1.9.8/oak-blob-plugins-1.9.8.jar:/home/afierro/.m2/repository/org/apache/jackrabbit/jackrabbit-data/2.17.5/jackrabbit-data-2.17.5.jar:/home/afierro/.m2/repository/org/apache/jackrabbit/oak-blob/1.9.8/oak-blob-1.9.8.jar:/home/afierro/.m2/repository/org/apache/jackrabbit/oak-commons/1.9.8/oak-commons-1.9.8.jar:/home/afierro/.m2/repository/com/google/guava/guava/15.0/guava-15.0.jar:/home/afierro/.m2/repository/org/springframework/boot/spring-boot-starter-test/2.0.4.RELEASE/spring-boot-starter-test-2.0.4.RELEASE.jar:/home/afierro/.m2/repository/org/springframework/boot/spring-boot-test/2.0.4.RELEASE/spring-boot-test-2.0.4.RELEASE.jar:/home/afierro/.m2/repository/org/springframework/boot/spring-boot-test-autoconfigure/2.0.4.RELEASE/spring-boot-test-autoconfigure-2.0.4.RELEASE.jar:/home/afierro/.m2/repository/com/jayway/jsonpath/json-path/2.4.0/json-path-2.4.0.jar:/home/afierro/.m2/repository/net/minidev/json-smart/2.3/json-smart-2.3.jar:/home/afierro/.m2/repository/net/minidev/accessors-smart/1.2/accessors-smart-1.2.jar:/home/afierro/.m2/repository/org/ow2/asm/asm/5.0.4/asm-5.0.4.jar:/home/afierro/.m2/repository/junit/junit/4.12/junit-4.12.jar:/home/afierro/.m2/repository/org/assertj/assertj-core/3.9.1/assertj-core-3.9.1.jar:/home/afierro/.m2/repository/org/mockito/mockito-core/2.15.0/mockito-core-2.15.0.jar:/home/afierro/.m2/repository/net/bytebuddy/byte-buddy/1.7.11/byte-buddy-1.7.11.jar:/home/afierro/.m2/repository/net/bytebuddy/byte-buddy-agent/1.7.11/byte-buddy-agent-1.7.11.jar:/home/afierro/.m2/repository/org/objenesis/objenesis/2.6/objenesis-2.6.jar:/home/afierro/.m2/repository/org/hamcrest/hamcrest-core/1.3/hamcrest-core-1.3.jar:/home/afierro/.m2/repository/org/hamcrest/hamcrest-library/1.3/hamcrest-library-1.3.jar:/home/afierro/.m2/repository/org/skyscreamer/jsonassert/1.5.0/jsonassert-1.5.0.jar:/home/afierro/.m2/repository/com/vaadin/external/google/android-json/0.0.20131108.vaadin1/android-json-0.0.20131108.vaadin1.jar:/home/afierro/.m2/repository/org/springframework/spring-test/5.0.8.RELEASE/spring-test-5.0.8.RELEASE.jar:/home/afierro/.m2/repository/org/xmlunit/xmlunit-core/2.5.1/xmlunit-core-2.5.1.jar:"/>
    <property name="sun.cpu.endian" value="little"/>
    <property name="user.home" value="/home/afierro"/>
    <property name="user.language" value="en"/>
    <property name="java.specification.vendor" value="Oracle Corporation"/>
    <property name="java.home" value="/usr/lib/jvm/java-8-openjdk/jre"/>
    <property name="basedir" value="/home/afierro/wks/test/cms/JackRabbitTest"/>
    <property name="file.separator" value="/"/>
    <property name="line.separator" value="&#10;"/>
    <property name="java.vm.specification.vendor" value="Oracle Corporation"/>
    <property name="java.specification.name" value="Java Platform API Specification"/>
    <property name="java.awt.graphicsenv" value="sun.awt.X11GraphicsEnvironment"/>
    <property name="surefire.real.class.path" value="/home/afierro/wks/test/cms/JackRabbitTest/target/surefire/surefirebooter4451294272079367862.jar"/>
    <property name="sun.boot.class.path" value="/usr/lib/jvm/java-8-openjdk/jre/lib/resources.jar:/usr/lib/jvm/java-8-openjdk/jre/lib/rt.jar:/usr/lib/jvm/java-8-openjdk/jre/lib/sunrsasign.jar:/usr/lib/jvm/java-8-openjdk/jre/lib/jsse.jar:/usr/lib/jvm/java-8-openjdk/jre/lib/jce.jar:/usr/lib/jvm/java-8-openjdk/jre/lib/charsets.jar:/usr/lib/jvm/java-8-openjdk/jre/lib/jfr.jar:/usr/lib/jvm/java-8-openjdk/jre/classes"/>
    <property name="sun.management.compiler" value="HotSpot 64-Bit Tiered Compilers"/>
    <property name="java.runtime.version" value="1.8.0_202-b26"/>
    <property name="user.name" value="afierro"/>
    <property name="path.separator" value=":"/>
    <property name="os.version" value="4.20.12-arch1-1-ARCH"/>
    <property name="java.endorsed.dirs" value="/usr/lib/jvm/java-8-openjdk/jre/lib/endorsed"/>
    <property name="java.runtime.name" value="OpenJDK Runtime Environment"/>
    <property name="file.encoding" value="UTF-8"/>
    <property name="java.vm.name" value="OpenJDK 64-Bit Server VM"/>
    <property name="localRepository" value="/home/afierro/.m2/repository"/>
    <property name="java.vendor.url.bug" value="http://bugreport.sun.com/bugreport/"/>
    <property name="java.io.tmpdir" value="/tmp"/>
    <property name="java.version" value="1.8.0_202"/>
    <property name="user.dir" value="/home/afierro/wks/test/cms/JackRabbitTest"/>
    <property name="os.arch" value="amd64"/>
    <property name="java.vm.specification.name" value="Java Virtual Machine Specification"/>
    <property name="java.awt.printerjob" value="sun.print.PSPrinterJob"/>
    <property name="sun.os.patch.level" value="unknown"/>
    <property name="java.library.path" value="/usr/java/packages/lib/amd64:/usr/lib64:/lib64:/lib:/usr/lib"/>
    <property name="java.vm.info" value="mixed mode"/>
    <property name="java.vendor" value="Oracle Corporation"/>
    <property name="java.vm.version" value="25.202-b26"/>
    <property name="java.ext.dirs" value="/usr/lib/jvm/java-8-openjdk/jre/lib/ext:/usr/java/packages/lib/ext"/>
    <property name="sun.io.unicode.encoding" value="UnicodeLittle"/>
    <property name="java.class.version" value="52.0"/>
  </properties>
  <testcase name="contextLoads" classname="com.github.woonsan.oak.app.simple.SimpleOakAppApplicationTests" time="0.052"/>
</testsuite>